,number,value,datetime_start,datetime_complete,duration,params_D,params_P,params_Q,params_d,params_p,params_q,state
0,0,0.06456422736992207,2022-03-13 18:09:23.960044,2022-03-13 18:09:25.708805,0 days 00:00:01.748761,0,0,1,1,1,4,COMPLETE
1,1,0.6132471834059275,2022-03-13 18:09:25.709874,2022-03-13 18:09:32.980544,0 days 00:00:07.270670,1,1,1,0,5,3,COMPLETE
2,2,0.34724329769544593,2022-03-13 18:09:32.981623,2022-03-13 18:09:34.316524,0 days 00:00:01.334901,1,2,0,1,0,2,COMPLETE
3,3,0.5209877770911651,2022-03-13 18:09:34.317528,2022-03-13 18:09:35.959062,0 days 00:00:01.641534,1,3,0,0,5,0,COMPLETE
4,4,0.03780774010338506,2022-03-13 18:09:35.960180,2022-03-13 18:09:38.715149,0 days 00:00:02.754969,1,3,1,1,1,0,COMPLETE
5,5,0.33062701734765065,2022-03-13 18:09:38.716290,2022-03-13 18:09:39.188936,0 days 00:00:00.472646,1,1,0,0,1,6,COMPLETE
6,6,0.24947283826887545,2022-03-13 18:09:39.190052,2022-03-13 18:09:41.284918,0 days 00:00:02.094866,1,1,0,1,0,5,COMPLETE
7,7,0.2511295322381196,2022-03-13 18:09:41.285980,2022-03-13 18:09:58.275718,0 days 00:00:16.989738,1,1,0,1,8,8,COMPLETE
8,8,0.4881408516287742,2022-03-13 18:09:58.276821,2022-03-13 18:10:06.341243,0 days 00:00:08.064422,1,3,1,1,3,1,COMPLETE
9,9,0.5208035752914084,2022-03-13 18:10:06.342381,2022-03-13 18:10:07.869392,0 days 00:00:01.527011,1,3,0,0,1,4,COMPLETE
10,10,-1.1346831461959658e+151,2022-03-13 18:10:07.870600,2022-03-13 18:10:14.169831,0 days 00:00:06.299231,0,0,3,0,6,3,COMPLETE
11,11,0.5876633386355625,2022-03-13 18:10:14.171242,2022-03-13 18:10:16.460584,0 days 00:00:02.289342,0,2,2,0,5,0,COMPLETE
12,12,0.5302563140367171,2022-03-13 18:10:16.461883,2022-03-13 18:10:22.068990,0 days 00:00:05.607107,0,2,2,0,4,2,COMPLETE
13,13,0.5892136737374158,2022-03-13 18:10:22.070007,2022-03-13 18:10:38.937299,0 days 00:00:16.867292,0,2,2,0,7,6,COMPLETE
14,14,0.5829645867625107,2022-03-13 18:10:38.938445,2022-03-13 18:11:24.400319,0 days 00:00:45.461874,0,1,3,0,8,7,COMPLETE
15,15,0.5892136737374158,2022-03-13 18:11:24.401458,2022-03-13 18:11:41.277476,0 days 00:00:16.876018,0,2,2,0,7,6,COMPLETE
16,16,0.051015157269881706,2022-03-13 18:11:41.278565,2022-03-13 18:11:51.940792,0 days 00:00:10.662227,0,0,2,0,6,5,COMPLETE
17,17,0.5874789680403201,2022-03-13 18:11:51.941779,2022-03-13 18:12:03.923549,0 days 00:00:11.981770,0,1,1,0,4,8,COMPLETE
18,18,0.5039088336160888,2022-03-13 18:12:03.924829,2022-03-13 18:12:26.689877,0 days 00:00:22.765048,0,2,3,0,7,3,COMPLETE
19,19,0.6366723450534941,2022-03-13 18:12:26.691152,2022-03-13 18:12:30.690991,0 days 00:00:03.999839,1,1,2,0,3,6,COMPLETE
20,20,0.6379145156378517,2022-03-13 18:12:30.692011,2022-03-13 18:12:36.414586,0 days 00:00:05.722575,1,0,1,0,3,5,COMPLETE
21,21,0.6379145156378517,2022-03-13 18:12:36.415760,2022-03-13 18:12:42.265358,0 days 00:00:05.849598,1,0,1,0,3,5,COMPLETE
22,22,0.6379145156378517,2022-03-13 18:12:42.266809,2022-03-13 18:12:48.051877,0 days 00:00:05.785068,1,0,1,0,3,5,COMPLETE
23,23,0.6379145156378517,2022-03-13 18:12:48.053282,2022-03-13 18:12:53.957797,0 days 00:00:05.904515,1,0,1,0,3,5,COMPLETE
24,24,0.644386409028487,2022-03-13 18:12:53.958888,2022-03-13 18:12:58.560021,0 days 00:00:04.601133,1,0,1,0,2,5,COMPLETE
25,25,0.6400590729241534,2022-03-13 18:12:58.560990,2022-03-13 18:13:00.828948,0 days 00:00:02.267958,1,0,1,0,2,7,COMPLETE
26,26,0.6400590729241534,2022-03-13 18:13:00.830256,2022-03-13 18:13:03.041361,0 days 00:00:02.211105,1,0,1,0,2,7,COMPLETE
27,27,0.6400590729241534,2022-03-13 18:13:03.042327,2022-03-13 18:13:05.329812,0 days 00:00:02.287485,1,0,1,0,2,7,COMPLETE
28,28,0.6400590729241534,2022-03-13 18:13:05.331107,2022-03-13 18:13:07.620924,0 days 00:00:02.289817,1,0,1,0,2,7,COMPLETE
29,29,0.5006724259618013,2022-03-13 18:13:07.622059,2022-03-13 18:13:16.221049,0 days 00:00:08.598990,1,0,2,1,2,8,COMPLETE
30,30,0.16448239589829572,2022-03-13 18:13:16.222158,2022-03-13 18:13:17.919258,0 days 00:00:01.697100,1,0,0,0,2,4,COMPLETE
31,31,0.6400590729241534,2022-03-13 18:13:17.920498,2022-03-13 18:13:20.120758,0 days 00:00:02.200260,1,0,1,0,2,7,COMPLETE
32,32,0.6400590729241534,2022-03-13 18:13:20.121737,2022-03-13 18:13:22.366752,0 days 00:00:02.245015,1,0,1,0,2,7,COMPLETE
33,33,0.6427631302650139,2022-03-13 18:13:22.367741,2022-03-13 18:13:24.268039,0 days 00:00:01.900298,1,0,1,0,0,7,COMPLETE
34,34,0.6453320527668929,2022-03-13 18:13:24.269238,2022-03-13 18:13:26.703048,0 days 00:00:02.433810,1,0,1,0,0,8,COMPLETE
35,35,0.6428808095300258,2022-03-13 18:13:26.704113,2022-03-13 18:13:29.620185,0 days 00:00:02.916072,1,1,1,0,0,8,COMPLETE
36,36,0.33814923717331324,2022-03-13 18:13:29.621320,2022-03-13 18:13:30.140061,0 days 00:00:00.518741,1,1,0,0,0,8,COMPLETE
37,37,0.5051782403170312,2022-03-13 18:13:30.141294,2022-03-13 18:13:35.987422,0 days 00:00:05.846128,1,1,1,1,0,8,COMPLETE
38,38,0.34175604372975976,2022-03-13 18:13:35.988761,2022-03-13 18:13:36.585713,0 days 00:00:00.596952,1,1,0,0,1,8,COMPLETE
39,39,0.5026654693591397,2022-03-13 18:13:36.586713,2022-03-13 18:13:42.523734,0 days 00:00:05.937021,1,1,1,1,0,6,COMPLETE
40,40,0.6608542881459912,2022-03-13 18:13:42.524946,2022-03-13 18:13:49.544798,0 days 00:00:07.019852,1,0,1,0,1,8,COMPLETE
41,41,0.6453320527668929,2022-03-13 18:13:49.545944,2022-03-13 18:13:51.981399,0 days 00:00:02.435455,1,0,1,0,0,8,COMPLETE
42,42,0.6608542881459912,2022-03-13 18:13:51.982420,2022-03-13 18:13:58.998961,0 days 00:00:07.016541,1,0,1,0,1,8,COMPLETE
43,43,0.6608542881459912,2022-03-13 18:13:59.000522,2022-03-13 18:14:06.264663,0 days 00:00:07.264141,1,0,1,0,1,8,COMPLETE
44,44,0.20667233229214843,2022-03-13 18:14:06.265875,2022-03-13 18:14:08.891031,0 days 00:00:02.625156,1,0,0,0,1,8,COMPLETE
45,45,0.6608542881459912,2022-03-13 18:14:08.892029,2022-03-13 18:14:15.705318,0 days 00:00:06.813289,1,0,1,0,1,8,COMPLETE
46,46,0.6468735086087719,2022-03-13 18:14:15.706970,2022-03-13 18:14:20.977082,0 days 00:00:05.270112,1,0,2,0,1,8,COMPLETE
47,47,0.6388092148161266,2022-03-13 18:14:20.978067,2022-03-13 18:14:25.482808,0 days 00:00:04.504741,1,0,2,0,1,7,COMPLETE
48,48,0.6468735086087719,2022-03-13 18:14:25.484225,2022-03-13 18:14:30.769258,0 days 00:00:05.285033,1,0,2,0,1,8,COMPLETE
49,49,0.637761879407712,2022-03-13 18:14:30.770298,2022-03-13 18:14:33.020184,0 days 00:00:02.249886,1,0,2,0,1,2,COMPLETE
