,number,value,datetime_start,datetime_complete,duration,params_D,params_P,params_Q,params_d,params_p,params_q,state
0,0,0.26184860346068184,2022-03-13 16:48:33.273159,2022-03-13 16:48:37.613451,0 days 00:00:04.340292,0,3,3,1,1,1,COMPLETE
1,1,0.052776440815770376,2022-03-13 16:48:37.614418,2022-03-13 16:48:38.875193,0 days 00:00:01.260775,0,3,0,0,8,0,COMPLETE
2,2,-0.0838955109721804,2022-03-13 16:48:38.876351,2022-03-13 16:48:39.663126,0 days 00:00:00.786775,1,1,0,1,1,1,COMPLETE
3,3,-0.4251704585967817,2022-03-13 16:48:39.664434,2022-03-13 16:48:40.196785,0 days 00:00:00.532351,0,1,1,1,3,0,COMPLETE
4,4,-0.028673401221407158,2022-03-13 16:48:40.197777,2022-03-13 16:48:40.752864,0 days 00:00:00.555087,1,1,0,0,1,7,COMPLETE
5,5,0.38329825398935546,2022-03-13 16:48:40.753929,2022-03-13 16:49:14.874996,0 days 00:00:34.121067,1,1,3,0,6,5,COMPLETE
6,6,0.004127490806677625,2022-03-13 16:49:14.876552,2022-03-13 16:49:23.654856,0 days 00:00:08.778304,0,0,2,0,5,6,COMPLETE
7,7,0.2651364401664935,2022-03-13 16:49:23.656211,2022-03-13 16:49:39.875193,0 days 00:00:16.218982,0,2,0,1,5,3,COMPLETE
8,8,0.2516127045943417,2022-03-13 16:49:39.876680,2022-03-13 16:49:44.524096,0 days 00:00:04.647416,0,3,0,1,5,2,COMPLETE
9,9,0.3259635279626958,2022-03-13 16:49:44.525372,2022-03-13 16:50:07.626830,0 days 00:00:23.101458,1,0,2,1,4,5,COMPLETE
10,10,0.3999876313529115,2022-03-13 16:50:07.628064,2022-03-13 16:50:57.994952,0 days 00:00:50.366888,1,2,3,0,8,8,COMPLETE
11,11,0.3999876313529115,2022-03-13 16:50:57.996628,2022-03-13 16:51:51.782630,0 days 00:00:53.786002,1,2,3,0,8,8,COMPLETE
12,12,0.3999876313529115,2022-03-13 16:51:51.783729,2022-03-13 16:52:46.733871,0 days 00:00:54.950142,1,2,3,0,8,8,COMPLETE
13,13,0.30924654860095546,2022-03-13 16:52:46.735106,2022-03-13 16:53:19.982318,0 days 00:00:33.247212,1,2,2,0,7,8,COMPLETE
14,14,0.32332602432652213,2022-03-13 16:53:19.983608,2022-03-13 16:53:53.253390,0 days 00:00:33.269782,1,2,3,0,7,7,COMPLETE
15,15,0.37713672995636194,2022-03-13 16:53:53.255091,2022-03-13 16:54:06.975842,0 days 00:00:13.720751,1,2,1,0,8,6,COMPLETE
16,16,0.3981635499050633,2022-03-13 16:54:06.977174,2022-03-13 16:55:14.534989,0 days 00:01:07.557815,1,3,2,0,7,8,COMPLETE
17,17,0.37876860490690545,2022-03-13 16:55:14.536695,2022-03-13 16:55:28.612257,0 days 00:00:14.075562,1,2,3,0,3,4,COMPLETE
18,18,0.40024651034525605,2022-03-13 16:55:28.613804,2022-03-13 16:55:48.485666,0 days 00:00:19.871862,1,1,3,0,6,7,COMPLETE
19,19,0.42408941853923243,2022-03-13 16:55:48.487805,2022-03-13 16:55:55.487899,0 days 00:00:07.000094,1,0,1,0,6,6,COMPLETE
20,20,0.42408941853923243,2022-03-13 16:55:55.489918,2022-03-13 16:56:02.355072,0 days 00:00:06.865154,1,0,1,0,6,6,COMPLETE
21,21,0.42408941853923243,2022-03-13 16:56:02.356769,2022-03-13 16:56:09.249847,0 days 00:00:06.893078,1,0,1,0,6,6,COMPLETE
22,22,0.4298253846838692,2022-03-13 16:56:09.251685,2022-03-13 16:56:29.434975,0 days 00:00:20.183290,1,0,1,0,6,5,COMPLETE
23,23,0.36821504243326586,2022-03-13 16:56:29.436306,2022-03-13 16:56:35.457240,0 days 00:00:06.020934,1,0,1,0,4,4,COMPLETE
24,24,0.4298253846838692,2022-03-13 16:56:35.458659,2022-03-13 16:56:55.266124,0 days 00:00:19.807465,1,0,1,0,6,5,COMPLETE
25,25,0.4353270325032954,2022-03-13 16:56:55.267779,2022-03-13 16:57:10.390551,0 days 00:00:15.122772,1,0,1,0,5,5,COMPLETE
26,26,0.4353270325032954,2022-03-13 16:57:10.391733,2022-03-13 16:57:25.285947,0 days 00:00:14.894214,1,0,1,0,5,5,COMPLETE
27,27,0.3299910664569796,2022-03-13 16:57:25.287546,2022-03-13 16:57:30.388176,0 days 00:00:05.100630,1,0,1,0,3,3,COMPLETE
28,28,0.4022502227003728,2022-03-13 16:57:30.389937,2022-03-13 16:57:36.583747,0 days 00:00:06.193810,1,1,2,0,5,3,COMPLETE
29,29,0.017556188374590387,2022-03-13 16:57:36.585737,2022-03-13 16:57:39.829513,0 days 00:00:03.243776,0,0,1,1,2,5,COMPLETE
30,30,0.4195466134983644,2022-03-13 16:57:39.830758,2022-03-13 16:57:42.302698,0 days 00:00:02.471940,1,0,2,0,0,4,COMPLETE
31,31,0.44244237949136633,2022-03-13 16:57:42.304376,2022-03-13 16:57:51.271832,0 days 00:00:08.967456,1,0,1,0,4,5,COMPLETE
32,32,0.44244237949136633,2022-03-13 16:57:51.273004,2022-03-13 16:57:59.975180,0 days 00:00:08.702176,1,0,1,0,4,5,COMPLETE
33,33,-0.4825139190245482,2022-03-13 16:57:59.976539,2022-03-13 16:58:03.442584,0 days 00:00:03.466045,1,0,0,0,4,4,COMPLETE
34,34,0.4282899870307918,2022-03-13 16:58:03.444328,2022-03-13 16:58:11.584599,0 days 00:00:08.140271,1,1,1,0,4,5,COMPLETE
35,35,-0.017664986977871555,2022-03-13 16:58:11.586004,2022-03-13 16:58:13.688598,0 days 00:00:02.102594,1,1,0,0,2,3,COMPLETE
36,36,-2.698717331501135e+58,2022-03-13 16:58:13.689997,2022-03-13 16:58:18.957464,0 days 00:00:05.267467,0,0,1,0,4,4,COMPLETE
37,37,0.3276764641517351,2022-03-13 16:58:18.958641,2022-03-13 16:58:26.524639,0 days 00:00:07.565998,1,1,1,1,3,5,COMPLETE
38,38,-0.22699000652390922,2022-03-13 16:58:26.525888,2022-03-13 16:58:41.802326,0 days 00:00:15.276438,1,0,0,0,5,7,COMPLETE
39,39,0.3134129722647856,2022-03-13 16:58:41.804251,2022-03-13 16:58:48.651274,0 days 00:00:06.847023,0,1,2,0,2,2,COMPLETE
40,40,-0.13417683952609116,2022-03-13 16:58:48.652945,2022-03-13 16:59:05.529932,0 days 00:00:16.876987,1,0,0,1,5,6,COMPLETE
41,41,0.4353270325032954,2022-03-13 16:59:05.531495,2022-03-13 16:59:20.912691,0 days 00:00:15.381196,1,0,1,0,5,5,COMPLETE
42,42,0.44244237949136633,2022-03-13 16:59:20.914418,2022-03-13 16:59:29.733699,0 days 00:00:08.819281,1,0,1,0,4,5,COMPLETE
43,43,0.4469246711867061,2022-03-13 16:59:29.735241,2022-03-13 16:59:35.899351,0 days 00:00:06.164110,1,0,1,0,4,6,COMPLETE
44,44,0.4469246711867061,2022-03-13 16:59:35.900774,2022-03-13 16:59:41.840111,0 days 00:00:05.939337,1,0,1,0,4,6,COMPLETE
45,45,0.312209972324337,2022-03-13 16:59:41.841638,2022-03-13 16:59:56.098789,0 days 00:00:14.257151,1,0,1,0,3,6,COMPLETE
46,46,0.4133973372203964,2022-03-13 16:59:56.100268,2022-03-13 17:00:00.349337,0 days 00:00:04.249069,1,1,1,0,4,7,COMPLETE
47,47,-0.29805853882898536,2022-03-13 17:00:00.350658,2022-03-13 17:00:03.462729,0 days 00:00:03.112071,1,0,0,0,3,7,COMPLETE
48,48,0.4337322848625689,2022-03-13 17:00:03.463874,2022-03-13 17:00:12.803990,0 days 00:00:09.340116,1,0,2,0,4,6,COMPLETE
49,49,0.41044250644570957,2022-03-13 17:00:12.805557,2022-03-13 17:00:22.295086,0 days 00:00:09.489529,0,1,1,0,3,6,COMPLETE
