,number,value,datetime_start,datetime_complete,duration,params_D,params_P,params_Q,params_d,params_p,params_q,state
0,0,0.5175539047634181,2022-03-13 18:23:48.905713,2022-03-13 18:23:54.836916,0 days 00:00:05.931203,1,3,0,0,2,5,COMPLETE
1,1,0.532954308928709,2022-03-13 18:23:54.837984,2022-03-13 18:24:14.183395,0 days 00:00:19.345411,0,2,3,1,3,8,COMPLETE
2,2,0.4824128014877739,2022-03-13 18:24:14.184364,2022-03-13 18:24:18.339660,0 days 00:00:04.155296,0,2,0,1,0,6,COMPLETE
3,3,0.5949422817131182,2022-03-13 18:24:18.340682,2022-03-13 18:24:32.784888,0 days 00:00:14.444206,1,0,1,1,5,7,COMPLETE
4,4,0.4592480601405974,2022-03-13 18:24:32.786029,2022-03-13 18:24:42.104821,0 days 00:00:09.318792,1,2,0,0,4,5,COMPLETE
5,5,0.6054324316120794,2022-03-13 18:24:42.105827,2022-03-13 18:24:56.836308,0 days 00:00:14.730481,1,0,2,0,8,8,COMPLETE
6,6,-0.7276020959106797,2022-03-13 18:24:56.837682,2022-03-13 18:24:57.283777,0 days 00:00:00.446095,1,0,0,1,7,1,COMPLETE
7,7,0.5309047514928666,2022-03-13 18:24:57.284976,2022-03-13 18:26:18.630396,0 days 00:01:21.345420,0,1,3,1,8,8,COMPLETE
8,8,0.0810608358225019,2022-03-13 18:26:18.631559,2022-03-13 18:26:19.702394,0 days 00:00:01.070835,1,0,0,1,4,2,COMPLETE
9,9,0.33704706638648085,2022-03-13 18:26:19.703477,2022-03-13 18:26:32.590501,0 days 00:00:12.887024,0,1,0,0,7,8,COMPLETE
10,10,0.6390815004220924,2022-03-13 18:26:32.591487,2022-03-13 18:26:44.277593,0 days 00:00:11.686106,1,1,2,0,6,2,COMPLETE
11,11,0.6206105636594961,2022-03-13 18:26:44.278718,2022-03-13 18:26:53.517058,0 days 00:00:09.238340,1,1,2,0,6,3,COMPLETE
12,12,0.6206105636594961,2022-03-13 18:26:53.518266,2022-03-13 18:27:02.800107,0 days 00:00:09.281841,1,1,2,0,6,3,COMPLETE
13,13,0.6278821742766765,2022-03-13 18:27:02.801074,2022-03-13 18:27:04.854142,0 days 00:00:02.053068,1,1,2,0,6,0,COMPLETE
14,14,0.6204785399479646,2022-03-13 18:27:04.855130,2022-03-13 18:27:12.754551,0 days 00:00:07.899421,1,3,1,0,5,0,COMPLETE
15,15,0.6278821742766765,2022-03-13 18:27:12.755700,2022-03-13 18:27:14.821667,0 days 00:00:02.065967,1,1,2,0,6,0,COMPLETE
16,16,0.617185134328856,2022-03-13 18:27:14.822882,2022-03-13 18:27:17.953275,0 days 00:00:03.130393,1,2,3,0,2,1,COMPLETE
17,17,0.6181198061275746,2022-03-13 18:27:17.954443,2022-03-13 18:27:22.892843,0 days 00:00:04.938400,0,1,1,0,5,2,COMPLETE
18,18,0.6299451790021053,2022-03-13 18:27:22.893804,2022-03-13 18:27:26.696265,0 days 00:00:03.802461,1,2,2,0,7,1,COMPLETE
19,19,0.6271191644951832,2022-03-13 18:27:26.697340,2022-03-13 18:27:43.371087,0 days 00:00:16.673747,1,3,1,0,7,3,COMPLETE
20,20,0.6196369957143828,2022-03-13 18:27:43.372097,2022-03-13 18:27:53.566807,0 days 00:00:10.194710,0,2,3,0,8,2,COMPLETE
21,21,0.6314789460381394,2022-03-13 18:27:53.567984,2022-03-13 18:27:58.433703,0 days 00:00:04.865719,1,1,2,0,6,1,COMPLETE
22,22,0.6299451790021053,2022-03-13 18:27:58.434989,2022-03-13 18:28:02.289442,0 days 00:00:03.854453,1,2,2,0,7,1,COMPLETE
23,23,0.6193021754387535,2022-03-13 18:28:02.290389,2022-03-13 18:28:04.401950,0 days 00:00:02.111561,1,1,2,0,4,1,COMPLETE
24,24,0.6236185274076869,2022-03-13 18:28:04.403151,2022-03-13 18:28:18.530056,0 days 00:00:14.126905,1,2,2,0,5,4,COMPLETE
25,25,0.6356333100743479,2022-03-13 18:28:18.531197,2022-03-13 18:28:22.494245,0 days 00:00:03.963048,1,1,1,0,7,2,COMPLETE
26,26,0.6189278456325573,2022-03-13 18:28:22.495186,2022-03-13 18:28:36.698257,0 days 00:00:14.203071,1,0,1,0,6,4,COMPLETE
27,27,0.6307523070991552,2022-03-13 18:28:36.699542,2022-03-13 18:28:39.816302,0 days 00:00:03.116760,1,1,1,0,8,2,COMPLETE
28,28,0.6276397168096703,2022-03-13 18:28:39.817453,2022-03-13 18:28:40.919796,0 days 00:00:01.102343,1,1,1,0,0,3,COMPLETE
29,29,0.623260172671543,2022-03-13 18:28:40.921010,2022-03-13 18:28:57.675536,0 days 00:00:16.754526,1,0,3,0,3,5,COMPLETE
30,30,0.628039619272512,2022-03-13 18:28:57.676923,2022-03-13 18:29:00.568452,0 days 00:00:02.891529,1,1,1,0,5,2,COMPLETE
31,31,0.6307523070991552,2022-03-13 18:29:00.569433,2022-03-13 18:29:03.676732,0 days 00:00:03.107299,1,1,1,0,8,2,COMPLETE
32,32,0.6293557392789118,2022-03-13 18:29:03.677791,2022-03-13 18:29:13.651624,0 days 00:00:09.973833,1,1,1,0,8,3,COMPLETE
33,33,0.6347848984102589,2022-03-13 18:29:13.652740,2022-03-13 18:29:19.731038,0 days 00:00:06.078298,1,1,2,0,7,2,COMPLETE
34,34,0.4495488106522174,2022-03-13 18:29:19.732140,2022-03-13 18:29:22.668734,0 days 00:00:02.936594,1,1,2,1,7,0,COMPLETE
35,35,-5.257563213937632e+22,2022-03-13 18:29:22.669683,2022-03-13 18:29:47.391306,0 days 00:00:24.721623,0,0,2,0,6,4,COMPLETE
36,36,0.6285217397299276,2022-03-13 18:29:47.392386,2022-03-13 18:29:52.097401,0 days 00:00:04.705015,1,2,3,0,7,1,COMPLETE
37,37,0.5973823741661399,2022-03-13 18:29:52.098419,2022-03-13 18:30:09.868143,0 days 00:00:17.769724,1,0,2,1,6,6,COMPLETE
38,38,0.6238279309868991,2022-03-13 18:30:09.869497,2022-03-13 18:30:12.080311,0 days 00:00:02.210814,1,1,2,0,5,1,COMPLETE
39,39,0.5625853795642315,2022-03-13 18:30:12.081394,2022-03-13 18:30:19.852155,0 days 00:00:07.770761,1,1,3,1,4,2,COMPLETE
40,40,-2.546193624385134e+21,2022-03-13 18:30:19.853145,2022-03-13 18:30:52.858887,0 days 00:00:33.005742,0,0,2,0,7,4,COMPLETE
41,41,0.6307523070991552,2022-03-13 18:30:52.860124,2022-03-13 18:30:55.993370,0 days 00:00:03.133246,1,1,1,0,8,2,COMPLETE
42,42,0.6293557392789118,2022-03-13 18:30:55.994529,2022-03-13 18:31:06.220312,0 days 00:00:10.225783,1,1,1,0,8,3,COMPLETE
43,43,0.6356333100743479,2022-03-13 18:31:06.221431,2022-03-13 18:31:10.330325,0 days 00:00:04.108894,1,1,1,0,7,2,COMPLETE
44,44,0.35923076580941304,2022-03-13 18:31:10.331593,2022-03-13 18:31:11.173482,0 days 00:00:00.841889,1,1,0,0,7,1,COMPLETE
45,45,0.6206105636594961,2022-03-13 18:31:11.174509,2022-03-13 18:31:20.608361,0 days 00:00:09.433852,1,1,2,0,6,3,COMPLETE
46,46,0.3576897569804225,2022-03-13 18:31:20.609520,2022-03-13 18:31:21.523384,0 days 00:00:00.913864,1,1,0,0,7,0,COMPLETE
47,47,0.6395964292713061,2022-03-13 18:31:21.524545,2022-03-13 18:31:35.319617,0 days 00:00:13.795072,1,2,2,0,6,2,COMPLETE
48,48,0.6219637773935799,2022-03-13 18:31:35.320741,2022-03-13 18:31:40.918715,0 days 00:00:05.597974,1,2,1,0,5,2,COMPLETE
49,49,0.5787348676227508,2022-03-13 18:31:40.919684,2022-03-13 18:32:01.335054,0 days 00:00:20.415370,1,2,2,1,6,3,COMPLETE
