,number,value,datetime_start,datetime_complete,duration,params_D,params_P,params_Q,params_d,params_p,params_q,state
0,0,0.4952751858888309,2022-03-13 18:46:19.455499,2022-03-13 18:46:34.011916,0 days 00:00:14.556417,1,3,3,1,1,4,COMPLETE
1,1,0.48935111067404113,2022-03-13 18:46:34.013120,2022-03-13 18:46:42.766717,0 days 00:00:08.753597,0,3,2,1,1,3,COMPLETE
2,2,0.5236127988558423,2022-03-13 18:46:42.767906,2022-03-13 18:46:44.817633,0 days 00:00:02.049727,1,3,0,0,1,7,COMPLETE
3,3,0.5763078755926416,2022-03-13 18:46:44.818649,2022-03-13 18:46:46.545512,0 days 00:00:01.726863,0,3,1,0,2,1,COMPLETE
4,4,0.5770507101291951,2022-03-13 18:46:46.546705,2022-03-13 18:46:56.470007,0 days 00:00:09.923302,0,3,3,0,3,5,COMPLETE
5,5,0.42408775043103597,2022-03-13 18:46:56.471098,2022-03-13 18:47:01.101892,0 days 00:00:04.630794,0,2,0,1,6,4,COMPLETE
6,6,0.5754932655755974,2022-03-13 18:47:01.102939,2022-03-13 18:47:07.637620,0 days 00:00:06.534681,0,1,3,0,1,6,COMPLETE
7,7,0.34175604372975976,2022-03-13 18:47:07.638906,2022-03-13 18:47:08.260128,0 days 00:00:00.621222,1,1,0,0,1,8,COMPLETE
8,8,0.6258949208991391,2022-03-13 18:47:08.261298,2022-03-13 18:47:09.845968,0 days 00:00:01.584670,1,2,3,0,0,0,COMPLETE
9,9,0.6592732277769164,2022-03-13 18:47:09.847669,2022-03-13 18:47:29.311357,0 days 00:00:19.463688,1,0,3,0,3,8,COMPLETE
10,10,0.5135505040906012,2022-03-13 18:47:29.312355,2022-03-13 18:47:47.291545,0 days 00:00:17.979190,1,0,2,1,5,8,COMPLETE
11,11,0.6516264891848496,2022-03-13 18:47:47.293267,2022-03-13 18:47:50.430044,0 days 00:00:03.136777,1,0,2,0,8,0,COMPLETE
12,12,0.6623390268882541,2022-03-13 18:47:50.431329,2022-03-13 18:47:58.934507,0 days 00:00:08.503178,1,0,2,0,8,2,COMPLETE
13,13,0.6615334971081395,2022-03-13 18:47:58.935868,2022-03-13 18:48:03.673979,0 days 00:00:04.738111,1,0,1,0,8,2,COMPLETE
14,14,0.6430606601561748,2022-03-13 18:48:03.675096,2022-03-13 18:48:07.361385,0 days 00:00:03.686289,1,1,1,0,8,2,COMPLETE
15,15,0.645114990226012,2022-03-13 18:48:07.362516,2022-03-13 18:48:09.370919,0 days 00:00:02.008403,1,0,1,0,7,2,COMPLETE
16,16,0.6408474633035981,2022-03-13 18:48:09.371918,2022-03-13 18:48:12.294416,0 days 00:00:02.922498,1,1,1,0,6,2,COMPLETE
17,17,0.5068319223605966,2022-03-13 18:48:12.295374,2022-03-13 18:48:20.431727,0 days 00:00:08.136353,1,0,2,1,7,3,COMPLETE
18,18,0.6465909262746112,2022-03-13 18:48:20.432744,2022-03-13 18:48:21.750764,0 days 00:00:01.318020,1,0,1,0,5,1,COMPLETE
19,19,0.6561912568388937,2022-03-13 18:48:21.751887,2022-03-13 18:48:30.081090,0 days 00:00:08.329203,1,2,2,0,8,3,COMPLETE
20,20,0.49655521273810443,2022-03-13 18:48:30.082559,2022-03-13 18:48:34.253324,0 days 00:00:04.170765,0,1,1,1,7,1,COMPLETE
21,21,0.6350685653211705,2022-03-13 18:48:34.254643,2022-03-13 18:48:46.783123,0 days 00:00:12.528480,1,0,3,0,4,5,COMPLETE
22,22,0.6363386947581264,2022-03-13 18:48:46.784368,2022-03-13 18:48:51.575098,0 days 00:00:04.790730,1,0,2,0,3,4,COMPLETE
23,23,0.6388296988616267,2022-03-13 18:48:51.576328,2022-03-13 18:49:00.335629,0 days 00:00:08.759301,1,0,3,0,4,6,COMPLETE
24,24,0.6357093462582453,2022-03-13 18:49:00.337203,2022-03-13 18:49:03.517057,0 days 00:00:03.179854,1,1,2,0,6,2,COMPLETE
25,25,0.6409353281824067,2022-03-13 18:49:03.518182,2022-03-13 18:49:06.367927,0 days 00:00:02.849745,1,0,1,0,3,3,COMPLETE
26,26,0.6369489902322505,2022-03-13 18:49:06.369384,2022-03-13 18:49:20.164177,0 days 00:00:13.794793,1,0,2,0,5,5,COMPLETE
27,27,0.5040905464416796,2022-03-13 18:49:20.165352,2022-03-13 18:49:39.698968,0 days 00:00:19.533616,1,1,3,0,7,7,COMPLETE
28,28,0.12218900533540844,2022-03-13 18:49:39.699992,2022-03-13 18:49:39.980556,0 days 00:00:00.280564,1,0,0,0,8,1,COMPLETE
29,29,0.5062264832338341,2022-03-13 18:49:39.982100,2022-03-13 18:49:48.475064,0 days 00:00:08.492964,1,1,3,1,2,4,COMPLETE
30,30,0.6400850006753942,2022-03-13 18:49:48.476228,2022-03-13 18:49:50.232688,0 days 00:00:01.756460,1,0,2,0,2,0,COMPLETE
31,31,0.6561912568388937,2022-03-13 18:49:50.233975,2022-03-13 18:49:58.475837,0 days 00:00:08.241862,1,2,2,0,8,3,COMPLETE
32,32,0.6561912568388937,2022-03-13 18:49:58.477093,2022-03-13 18:50:06.515463,0 days 00:00:08.038370,1,2,2,0,8,3,COMPLETE
33,33,0.6325239875834135,2022-03-13 18:50:06.516683,2022-03-13 18:50:13.603974,0 days 00:00:07.087291,1,2,1,0,7,2,COMPLETE
34,34,0.6278773859495443,2022-03-13 18:50:13.605341,2022-03-13 18:50:26.929518,0 days 00:00:13.324177,1,2,2,0,6,3,COMPLETE
35,35,0.5949007307031848,2022-03-13 18:50:26.930460,2022-03-13 18:50:31.137663,0 days 00:00:04.207203,0,3,3,0,8,1,COMPLETE
36,36,-35.50198127835345,2022-03-13 18:50:31.138616,2022-03-13 18:51:53.808789,0 days 00:01:22.670173,1,2,1,0,7,4,COMPLETE
37,37,0.4885278041327228,2022-03-13 18:51:53.809916,2022-03-13 18:52:09.622426,0 days 00:00:15.812510,0,3,2,1,4,6,COMPLETE
38,38,0.32309708654390756,2022-03-13 18:52:09.623491,2022-03-13 18:52:10.297949,0 days 00:00:00.674458,1,1,0,0,3,2,COMPLETE
39,39,0.638398576565128,2022-03-13 18:52:10.299154,2022-03-13 18:52:16.951369,0 days 00:00:06.652215,1,0,3,0,0,7,COMPLETE
40,40,0.5619463808493479,2022-03-13 18:52:16.952424,2022-03-13 18:52:37.569978,0 days 00:00:20.617554,0,1,1,0,6,3,COMPLETE
41,41,0.6561912568388937,2022-03-13 18:52:37.571072,2022-03-13 18:52:45.688486,0 days 00:00:08.117414,1,2,2,0,8,3,COMPLETE
42,42,-2.5180879867494436e+59,2022-03-13 18:52:45.689801,2022-03-13 18:54:30.036361,0 days 00:01:44.346560,1,2,2,0,8,4,COMPLETE
43,43,0.6561912568388937,2022-03-13 18:54:30.037481,2022-03-13 18:54:38.129090,0 days 00:00:08.091609,1,2,2,0,8,3,COMPLETE
44,44,0.6358057918985611,2022-03-13 18:54:38.130150,2022-03-13 18:54:42.399719,0 days 00:00:04.269569,1,2,2,0,7,2,COMPLETE
45,45,-3.0763785936373747e+43,2022-03-13 18:54:42.400995,2022-03-13 18:57:05.303007,0 days 00:02:22.902012,1,3,3,0,8,4,COMPLETE
46,46,0.5335575154084178,2022-03-13 18:57:05.304332,2022-03-13 18:57:23.574474,0 days 00:00:18.270142,1,2,2,0,7,8,COMPLETE
47,47,0.6554722957096213,2022-03-13 18:57:23.575669,2022-03-13 18:57:25.287818,0 days 00:00:01.712149,1,0,1,0,8,1,COMPLETE
48,48,0.6262081441114354,2022-03-13 18:57:25.288922,2022-03-13 18:57:54.640620,0 days 00:00:29.351698,1,3,3,0,6,5,COMPLETE
49,49,0.5060013636127209,2022-03-13 18:57:54.642164,2022-03-13 18:57:59.015868,0 days 00:00:04.373704,1,1,1,1,7,2,COMPLETE
